Build started 10/17/2015 14:03:29.
     1>Project "C:\Documents and Settings\admin\Desktop\DoAn1\BigInt\BigInt.vcxproj" on node 2 (build target(s)).
     1>PrepareForBuild:
         Creating directory "C:\Documents and Settings\admin\Desktop\DoAn1\Debug\".
       InitializeBuildStatus:
         Creating "Debug\BigInt.unsuccessfulbuild" because "AlwaysCreate" was specified.
       ClCompile:
         C:\Program Files\Microsoft Visual Studio 10.0\VC\bin\CL.exe /c /ZI /nologo /W3 /WX- /Od /Oy- /D WIN32 /D _DEBUG /D _CONSOLE /D _UNICODE /D UNICODE /Gm /EHsc /RTC1 /MDd /GS /fp:precise /Zc:wchar_t /Zc:forScope /Fo"Debug\\" /Fd"Debug\vc100.pdb" /Gd /TP /analyze- /errorReport:prompt main.cpp
         main.cpp
       ManifestResourceCompile:
         C:\Program Files\Microsoft SDKs\Windows\v7.0A\bin\rc.exe /nologo /fo"Debug\BigInt.exe.embed.manifest.res" Debug\BigInt_manifest.rc 
       Link:
         C:\Program Files\Microsoft Visual Studio 10.0\VC\bin\link.exe /ERRORREPORT:PROMPT /OUT:"C:\Documents and Settings\admin\Desktop\DoAn1\Debug\BigInt.exe" /INCREMENTAL /NOLOGO kernel32.lib user32.lib gdi32.lib winspool.lib comdlg32.lib advapi32.lib shell32.lib ole32.lib oleaut32.lib uuid.lib odbc32.lib odbccp32.lib /MANIFEST /ManifestFile:"Debug\BigInt.exe.intermediate.manifest" /MANIFESTUAC:"level='asInvoker' uiAccess='false'" /DEBUG /PDB:"C:\Documents and Settings\admin\Desktop\DoAn1\Debug\BigInt.pdb" /SUBSYSTEM:CONSOLE /TLBID:1 /DYNAMICBASE /NXCOMPAT /IMPLIB:"C:\Documents and Settings\admin\Desktop\DoAn1\Debug\BigInt.lib" /MACHINE:X86 Debug\BigInt.exe.embed.manifest.res
         Debug\main.obj
       Manifest:
         C:\Program Files\Microsoft SDKs\Windows\v7.0A\bin\mt.exe /nologo /verbose /out:"Debug\BigInt.exe.embed.manifest" /manifest Debug\BigInt.exe.intermediate.manifest
         C:\Program Files\Microsoft SDKs\Windows\v7.0A\bin\rc.exe /nologo /fo"Debug\BigInt.exe.embed.manifest.res" Debug\BigInt_manifest.rc 
       LinkEmbedManifest:
         C:\Program Files\Microsoft Visual Studio 10.0\VC\bin\link.exe /ERRORREPORT:PROMPT /OUT:"C:\Documents and Settings\admin\Desktop\DoAn1\Debug\BigInt.exe" /INCREMENTAL /NOLOGO kernel32.lib user32.lib gdi32.lib winspool.lib comdlg32.lib advapi32.lib shell32.lib ole32.lib oleaut32.lib uuid.lib odbc32.lib odbccp32.lib /MANIFEST /ManifestFile:"Debug\BigInt.exe.intermediate.manifest" /MANIFESTUAC:"level='asInvoker' uiAccess='false'" /DEBUG /PDB:"C:\Documents and Settings\admin\Desktop\DoAn1\Debug\BigInt.pdb" /SUBSYSTEM:CONSOLE /TLBID:1 /DYNAMICBASE /NXCOMPAT /IMPLIB:"C:\Documents and Settings\admin\Desktop\DoAn1\Debug\BigInt.lib" /MACHINE:X86 Debug\BigInt.exe.embed.manifest.res
         Debug\main.obj
         BigInt.vcxproj -> C:\Documents and Settings\admin\Desktop\DoAn1\Debug\BigInt.exe
       FinalizeBuildStatus:
         Deleting file "Debug\BigInt.unsuccessfulbuild".
         Touching "Debug\BigInt.lastbuildstate".
     1>Done Building Project "C:\Documents and Settings\admin\Desktop\DoAn1\BigInt\BigInt.vcxproj" (build target(s)).

Build succeeded.

Time Elapsed 00:00:02.96
